# JRE version: Java(TM) SE Runtime Environment (12.0.2+10) (build 12.0.2+10)
# Java VM: Java HotSpot(TM) 64-Bit Server VM (12.0.2+10, mixed mode, sharing, tiered, compressed oops, g1 gc, windows-amd64)
Heap:
 garbage-first heap   total 89088K, used 59316K [0x00000000c0000000, 0x0000000100000000)
  region size 1024K, 17 young (17408K), 3 survivors (3072K)
 Metaspace       used 30125K, capacity 31139K, committed 31232K, reserved 1077248K
  class space    used 3240K, capacity 3572K, committed 3584K, reserved 1048576K
GC Heap History (10 events):
Event: 72.655 GC heap before
{Heap before GC invocations=41 (full 0):
 garbage-first heap   total 71680K, used 53133K [0x00000000c0000000, 0x0000000100000000)
  region size 1024K, 14 young (14336K), 2 survivors (2048K)
 Metaspace       used 27064K, capacity 28019K, committed 29568K, reserved 1075200K
  class space    used 2916K, capacity 3241K, committed 3456K, reserved 1048576K
}
Event: 72.673 GC heap after
{Heap after GC invocations=42 (full 0):
 garbage-first heap   total 71680K, used 44192K [0x00000000c0000000, 0x0000000100000000)
  region size 1024K, 2 young (2048K), 2 survivors (2048K)
 Metaspace       used 27064K, capacity 28019K, committed 29568K, reserved 1075200K
  class space    used 2916K, capacity 3241K, committed 3456K, reserved 1048576K
}
Event: 73.958 GC heap before
{Heap before GC invocations=42 (full 0):
 garbage-first heap   total 71680K, used 54432K [0x00000000c0000000, 0x0000000100000000)
  region size 1024K, 13 young (13312K), 2 survivors (2048K)
 Metaspace       used 27420K, capacity 28339K, committed 29568K, reserved 1075200K
  class space    used 2980K, capacity 3305K, committed 3456K, reserved 1048576K
}
Event: 73.963 GC heap after
{Heap after GC invocations=43 (full 0):
 garbage-first heap   total 89088K, used 45001K [0x00000000c0000000, 0x0000000100000000)
  region size 1024K, 1 young (1024K), 1 survivors (1024K)
 Metaspace       used 27420K, capacity 28339K, committed 29568K, reserved 1075200K
  class space    used 2980K, capacity 3305K, committed 3456K, reserved 1048576K
}
Event: 76.189 GC heap before
{Heap before GC invocations=43 (full 0):
 garbage-first heap   total 89088K, used 60361K [0x00000000c0000000, 0x0000000100000000)
  region size 1024K, 17 young (17408K), 1 survivors (1024K)
 Metaspace       used 28060K, capacity 28986K, committed 29568K, reserved 1075200K
  class space    used 3052K, capacity 3370K, committed 3456K, reserved 1048576K
}
Event: 76.194 GC heap after
{Heap after GC invocations=44 (full 0):
 garbage-first heap   total 89088K, used 44435K [0x00000000c0000000, 0x0000000100000000)
  region size 1024K, 1 young (1024K), 1 survivors (1024K)
 Metaspace       used 28060K, capacity 28986K, committed 29568K, reserved 1075200K
  class space    used 3052K, capacity 3370K, committed 3456K, reserved 1048576K
}
Event: 78.333 GC heap before
{Heap before GC invocations=44 (full 0):
 garbage-first heap   total 89088K, used 62867K [0x00000000c0000000, 0x0000000100000000)
  region size 1024K, 19 young (19456K), 1 survivors (1024K)
 Metaspace       used 29029K, capacity 29982K, committed 30080K, reserved 1075200K
  class space    used 3137K, capacity 3442K, committed 3456K, reserved 1048576K
}
Event: 78.343 GC heap after
{Heap after GC invocations=45 (full 0):
 garbage-first heap   total 89088K, used 45277K [0x00000000c0000000, 0x0000000100000000)
  region size 1024K, 2 young (2048K), 2 survivors (2048K)
 Metaspace       used 29029K, capacity 29982K, committed 30080K, reserved 1075200K
  class space    used 3137K, capacity 3442K, committed 3456K, reserved 1048576K
}
Event: 79.567 GC heap before
{Heap before GC invocations=45 (full 0):
 garbage-first heap   total 89088K, used 64733K [0x00000000c0000000, 0x0000000100000000)
  region size 1024K, 21 young (21504K), 2 survivors (2048K)
 Metaspace       used 29182K, capacity 30142K, committed 30464K, reserved 1077248K
  class space    used 3145K, capacity 3474K, committed 3584K, reserved 1048576K
}
Event: 79.577 GC heap after
{Heap after GC invocations=46 (full 0):
 garbage-first heap   total 89088K, used 46004K [0x00000000c0000000, 0x0000000100000000)
  region size 1024K, 3 young (3072K), 3 survivors (3072K)
 Metaspace       used 29182K, capacity 30142K, committed 30464K, reserved 1077248K
  class space    used 3145K, capacity 3474K, committed 3584K, reserved 1048576K
}

