# JRE version: Java(TM) SE Runtime Environment (8.0_144-b01) (build 1.8.0_144-b01)
# Java VM: Java HotSpot(TM) 64-Bit Server VM (25.144-b01 mixed mode windows-amd64 compressed oops)
Heap:
 PSYoungGen      total 135680K, used 46296K [0x00000000eab00000, 0x00000000f3600000, 0x0000000100000000)
  eden space 129024K, 30% used [0x00000000eab00000,0x00000000ed1b79e8,0x00000000f2900000)
  from space 6656K, 99% used [0x00000000f2900000,0x00000000f2f7e858,0x00000000f2f80000)
  to   space 6656K, 0% used [0x00000000f2f80000,0x00000000f2f80000,0x00000000f3600000)
 ParOldGen       total 28160K, used 9880K [0x00000000c0000000, 0x00000000c1b80000, 0x00000000eab00000)
  object space 28160K, 35% used [0x00000000c0000000,0x00000000c09a63f0,0x00000000c1b80000)
 Metaspace       used 29883K, capacity 31764K, committed 31872K, reserved 1077248K
  class space    used 4103K, capacity 4479K, committed 4480K, reserved 1048576K
GC Heap History (10 events):
Event: 8.124 GC heap before
{Heap before GC invocations=6 (full 0):
 PSYoungGen      total 35328K, used 35304K [0x00000000eab00000, 0x00000000ef600000, 0x0000000100000000)
  eden space 32768K, 100% used [0x00000000eab00000,0x00000000ecb00000,0x00000000ecb00000)
  from space 2560K, 99% used [0x00000000ecb00000,0x00000000ecd7a390,0x00000000ecd80000)
  to   space 5632K, 0% used [0x00000000ef080000,0x00000000ef080000,0x00000000ef600000)
 ParOldGen       total 44032K, used 5039K [0x00000000c0000000, 0x00000000c2b00000, 0x00000000eab00000)
  object space 44032K, 11% used [0x00000000c0000000,0x00000000c04ebff0,0x00000000c2b00000)
 Metaspace       used 17632K, capacity 18402K, committed 18688K, reserved 1064960K
  class space    used 2310K, capacity 2518K, committed 2560K, reserved 1048576K
Event: 8.218 GC heap after
Heap after GC invocations=6 (full 0):
 PSYoungGen      total 70144K, used 5620K [0x00000000eab00000, 0x00000000ef800000, 0x0000000100000000)
  eden space 64512K, 0% used [0x00000000eab00000,0x00000000eab00000,0x00000000eea00000)
  from space 5632K, 99% used [0x00000000ef080000,0x00000000ef5fd040,0x00000000ef600000)
  to   space 6656K, 0% used [0x00000000eea00000,0x00000000eea00000,0x00000000ef080000)
 ParOldGen       total 44032K, used 5735K [0x00000000c0000000, 0x00000000c2b00000, 0x00000000eab00000)
  object space 44032K, 13% used [0x00000000c0000000,0x00000000c0599c88,0x00000000c2b00000)
 Metaspace       used 17632K, capacity 18402K, committed 18688K, reserved 1064960K
  class space    used 2310K, capacity 2518K, committed 2560K, reserved 1048576K
}
Event: 10.676 GC heap before
{Heap before GC invocations=7 (full 0):
 PSYoungGen      total 70144K, used 70132K [0x00000000eab00000, 0x00000000ef800000, 0x0000000100000000)
  eden space 64512K, 100% used [0x00000000eab00000,0x00000000eea00000,0x00000000eea00000)
  from space 5632K, 99% used [0x00000000ef080000,0x00000000ef5fd040,0x00000000ef600000)
  to   space 6656K, 0% used [0x00000000eea00000,0x00000000eea00000,0x00000000ef080000)
 ParOldGen       total 44032K, used 5735K [0x00000000c0000000, 0x00000000c2b00000, 0x00000000eab00000)
  object space 44032K, 13% used [0x00000000c0000000,0x00000000c0599c88,0x00000000c2b00000)
 Metaspace       used 19516K, capacity 20416K, committed 20480K, reserved 1067008K
  class space    used 2589K, capacity 2799K, committed 2816K, reserved 1048576K
Event: 10.734 GC heap after
Heap after GC invocations=7 (full 0):
 PSYoungGen      total 71168K, used 5004K [0x00000000eab00000, 0x00000000f3600000, 0x0000000100000000)
  eden space 64512K, 0% used [0x00000000eab00000,0x00000000eab00000,0x00000000eea00000)
  from space 6656K, 75% used [0x00000000eea00000,0x00000000eeee3090,0x00000000ef080000)
  to   space 6656K, 0% used [0x00000000f2f80000,0x00000000f2f80000,0x00000000f3600000)
 ParOldGen       total 44032K, used 7217K [0x00000000c0000000, 0x00000000c2b00000, 0x00000000eab00000)
  object space 44032K, 16% used [0x00000000c0000000,0x00000000c070c4e0,0x00000000c2b00000)
 Metaspace       used 19516K, capacity 20416K, committed 20480K, reserved 1067008K
  class space    used 2589K, capacity 2799K, committed 2816K, reserved 1048576K
}
Event: 11.714 GC heap before
{Heap before GC invocations=8 (full 0):
 PSYoungGen      total 71168K, used 27823K [0x00000000eab00000, 0x00000000f3600000, 0x0000000100000000)
  eden space 64512K, 35% used [0x00000000eab00000,0x00000000ec148dc0,0x00000000eea00000)
  from space 6656K, 75% used [0x00000000eea00000,0x00000000eeee3090,0x00000000ef080000)
  to   space 6656K, 0% used [0x00000000f2f80000,0x00000000f2f80000,0x00000000f3600000)
 ParOldGen       total 44032K, used 7217K [0x00000000c0000000, 0x00000000c2b00000, 0x00000000eab00000)
  object space 44032K, 16% used [0x00000000c0000000,0x00000000c070c4e0,0x00000000c2b00000)
 Metaspace       used 20238K, capacity 21210K, committed 21296K, reserved 1067008K
  class space    used 2695K, capacity 2914K, committed 2944K, reserved 1048576K
Event: 11.738 GC heap after
Heap after GC invocations=8 (full 0):
 PSYoungGen      total 135680K, used 3635K [0x00000000eab00000, 0x00000000f3600000, 0x0000000100000000)
  eden space 129024K, 0% used [0x00000000eab00000,0x00000000eab00000,0x00000000f2900000)
  from space 6656K, 54% used [0x00000000f2f80000,0x00000000f330ced8,0x00000000f3600000)
  to   space 6656K, 0% used [0x00000000f2900000,0x00000000f2900000,0x00000000f2f80000)
 ParOldGen       total 44032K, used 8164K [0x00000000c0000000, 0x00000000c2b00000, 0x00000000eab00000)
  object space 44032K, 18% used [0x00000000c0000000,0x00000000c07f9330,0x00000000c2b00000)
 Metaspace       used 20238K, capacity 21210K, committed 21296K, reserved 1067008K
  class space    used 2695K, capacity 2914K, committed 2944K, reserved 1048576K
}
Event: 11.738 GC heap before
{Heap before GC invocations=9 (full 1):
 PSYoungGen      total 135680K, used 3635K [0x00000000eab00000, 0x00000000f3600000, 0x0000000100000000)
  eden space 129024K, 0% used [0x00000000eab00000,0x00000000eab00000,0x00000000f2900000)
  from space 6656K, 54% used [0x00000000f2f80000,0x00000000f330ced8,0x00000000f3600000)
  to   space 6656K, 0% used [0x00000000f2900000,0x00000000f2900000,0x00000000f2f80000)
 ParOldGen       total 44032K, used 8164K [0x00000000c0000000, 0x00000000c2b00000, 0x00000000eab00000)
  object space 44032K, 18% used [0x00000000c0000000,0x00000000c07f9330,0x00000000c2b00000)
 Metaspace       used 20238K, capacity 21210K, committed 21296K, reserved 1067008K
  class space    used 2695K, capacity 2914K, committed 2944K, reserved 1048576K
Event: 11.876 GC heap after
Heap after GC invocations=9 (full 1):
 PSYoungGen      total 135680K, used 0K [0x00000000eab00000, 0x00000000f3600000, 0x0000000100000000)
  eden space 129024K, 0% used [0x00000000eab00000,0x00000000eab00000,0x00000000f2900000)
  from space 6656K, 0% used [0x00000000f2f80000,0x00000000f2f80000,0x00000000f3600000)
  to   space 6656K, 0% used [0x00000000f2900000,0x00000000f2900000,0x00000000f2f80000)
 ParOldGen       total 28160K, used 7438K [0x00000000c0000000, 0x00000000c1b80000, 0x00000000eab00000)
  object space 28160K, 26% used [0x00000000c0000000,0x00000000c0743a30,0x00000000c1b80000)
 Metaspace       used 20238K, capacity 21210K, committed 21296K, reserved 1067008K
  class space    used 2695K, capacity 2914K, committed 2944K, reserved 1048576K
}
Event: 15.198 GC heap before
{Heap before GC invocations=10 (full 1):
 PSYoungGen      total 135680K, used 129024K [0x00000000eab00000, 0x00000000f3600000, 0x0000000100000000)
  eden space 129024K, 100% used [0x00000000eab00000,0x00000000f2900000,0x00000000f2900000)
  from space 6656K, 0% used [0x00000000f2f80000,0x00000000f2f80000,0x00000000f3600000)
  to   space 6656K, 0% used [0x00000000f2900000,0x00000000f2900000,0x00000000f2f80000)
 ParOldGen       total 28160K, used 7438K [0x00000000c0000000, 0x00000000c1b80000, 0x00000000eab00000)
  object space 28160K, 26% used [0x00000000c0000000,0x00000000c0743a30,0x00000000c1b80000)
 Metaspace       used 26325K, capacity 28150K, committed 28288K, reserved 1073152K
  class space    used 3589K, capacity 3940K, committed 3968K, reserved 1048576K
Event: 15.233 GC heap after
Heap after GC invocations=10 (full 1):
 PSYoungGen      total 135680K, used 6650K [0x00000000eab00000, 0x00000000f3600000, 0x0000000100000000)
  eden space 129024K, 0% used [0x00000000eab00000,0x00000000eab00000,0x00000000f2900000)
  from space 6656K, 99% used [0x00000000f2900000,0x00000000f2f7e858,0x00000000f2f80000)
  to   space 6656K, 0% used [0x00000000f2f80000,0x00000000f2f80000,0x00000000f3600000)
 ParOldGen       total 28160K, used 9880K [0x00000000c0000000, 0x00000000c1b80000, 0x00000000eab00000)
  object space 28160K, 35% used [0x00000000c0000000,0x00000000c09a63f0,0x00000000c1b80000)
 Metaspace       used 26325K, capacity 28150K, committed 28288K, reserved 1073152K
  class space    used 3589K, capacity 3940K, committed 3968K, reserved 1048576K
}

