# JRE version: Java(TM) SE Runtime Environment (12.0.2+10) (build 12.0.2+10)
# Java VM: Java HotSpot(TM) 64-Bit Server VM (12.0.2+10, mixed mode, sharing, tiered, compressed oops, g1 gc, windows-amd64)
Heap:
 garbage-first heap   total 48128K, used 37114K [0x00000000c0000000, 0x0000000100000000)
  region size 1024K, 13 young (13312K), 1 survivors (1024K)
 Metaspace       used 49206K, capacity 50758K, committed 51024K, reserved 1093632K
  class space    used 6654K, capacity 7299K, committed 7424K, reserved 1048576K
GC Heap History (10 events):
Event: 49.266 GC heap before
{Heap before GC invocations=18 (full 0):
 garbage-first heap   total 48128K, used 38664K [0x00000000c0000000, 0x0000000100000000)
  region size 1024K, 21 young (21504K), 3 survivors (3072K)
 Metaspace       used 45599K, capacity 46974K, committed 47312K, reserved 1089536K
  class space    used 6136K, capacity 6677K, committed 6784K, reserved 1048576K
}
Event: 49.281 GC heap after
{Heap after GC invocations=19 (full 0):
 garbage-first heap   total 48128K, used 21352K [0x00000000c0000000, 0x0000000100000000)
  region size 1024K, 3 young (3072K), 3 survivors (3072K)
 Metaspace       used 45599K, capacity 46974K, committed 47312K, reserved 1089536K
  class space    used 6136K, capacity 6677K, committed 6784K, reserved 1048576K
}
Event: 50.899 GC heap before
{Heap before GC invocations=19 (full 0):
 garbage-first heap   total 48128K, used 38760K [0x00000000c0000000, 0x0000000100000000)
  region size 1024K, 20 young (20480K), 3 survivors (3072K)
 Metaspace       used 46824K, capacity 48314K, committed 48464K, reserved 1091584K
  class space    used 6308K, capacity 6891K, committed 6912K, reserved 1048576K
}
Event: 50.918 GC heap after
{Heap after GC invocations=20 (full 0):
 garbage-first heap   total 48128K, used 22905K [0x00000000c0000000, 0x0000000100000000)
  region size 1024K, 3 young (3072K), 3 survivors (3072K)
 Metaspace       used 46824K, capacity 48314K, committed 48464K, reserved 1091584K
  class space    used 6308K, capacity 6891K, committed 6912K, reserved 1048576K
}
Event: 52.577 GC heap before
{Heap before GC invocations=20 (full 0):
 garbage-first heap   total 48128K, used 39289K [0x00000000c0000000, 0x0000000100000000)
  region size 1024K, 19 young (19456K), 3 survivors (3072K)
 Metaspace       used 47372K, capacity 48816K, committed 49104K, reserved 1091584K
  class space    used 6378K, capacity 6972K, committed 7040K, reserved 1048576K
}
Event: 52.594 GC heap after
{Heap after GC invocations=21 (full 0):
 garbage-first heap   total 48128K, used 23759K [0x00000000c0000000, 0x0000000100000000)
  region size 1024K, 3 young (3072K), 3 survivors (3072K)
 Metaspace       used 47372K, capacity 48816K, committed 49104K, reserved 1091584K
  class space    used 6378K, capacity 6972K, committed 7040K, reserved 1048576K
}
Event: 54.111 GC heap before
{Heap before GC invocations=21 (full 0):
 garbage-first heap   total 48128K, used 39119K [0x00000000c0000000, 0x0000000100000000)
  region size 1024K, 18 young (18432K), 3 survivors (3072K)
 Metaspace       used 48176K, capacity 49695K, committed 50000K, reserved 1091584K
  class space    used 6503K, capacity 7117K, committed 7168K, reserved 1048576K
}
Event: 54.127 GC heap after
{Heap after GC invocations=22 (full 0):
 garbage-first heap   total 48128K, used 25203K [0x00000000c0000000, 0x0000000100000000)
  region size 1024K, 3 young (3072K), 3 survivors (3072K)
 Metaspace       used 48176K, capacity 49695K, committed 50000K, reserved 1091584K
  class space    used 6503K, capacity 7117K, committed 7168K, reserved 1048576K
}
Event: 55.481 GC heap before
{Heap before GC invocations=22 (full 0):
 garbage-first heap   total 48128K, used 38515K [0x00000000c0000000, 0x0000000100000000)
  region size 1024K, 16 young (16384K), 3 survivors (3072K)
 Metaspace       used 49090K, capacity 50646K, committed 50896K, reserved 1093632K
  class space    used 6626K, capacity 7242K, committed 7296K, reserved 1048576K
}
Event: 55.496 GC heap after
{Heap after GC invocations=23 (full 0):
 garbage-first heap   total 48128K, used 25850K [0x00000000c0000000, 0x0000000100000000)
  region size 1024K, 1 young (1024K), 1 survivors (1024K)
 Metaspace       used 49090K, capacity 50646K, committed 50896K, reserved 1093632K
  class space    used 6626K, capacity 7242K, committed 7296K, reserved 1048576K
}

